<?xml version="1.0" encoding="UTF-8"?>
<testsuite xmlns:xsi="http://www.w3.org/2001/XMLSchema-instance" xsi:noNamespaceSchemaLocation="https://maven.apache.org/surefire/maven-surefire-plugin/xsd/surefire-test-report.xsd" name="com.epam.labtest.repository.NewsDaoImplTest" time="0.195" tests="9" errors="0" skipped="0" failures="0">
  <properties>
[...]
</properties>
  <testcase name="testIsNotExistPositive" classname="com.epam.labtest.repository.NewsDaoImplTest" time="0"/>
  <testcase name="testIsNotExistNegative" classname="com.epam.labtest.repository.NewsDaoImplTest" time="0.012"/>
  <testcase name="testFindById" classname="com.epam.labtest.repository.NewsDaoImplTest" time="0.019"/>
  <testcase name="testReadAll" classname="com.epam.labtest.repository.NewsDaoImplTest" time="0.055"/>
  <testcase name="testCreate" classname="com.epam.labtest.repository.NewsDaoImplTest" time="0.016"/>
  <testcase name="testDelete" classname="com.epam.labtest.repository.NewsDaoImplTest" time="0.021"/>
  <testcase name="testIsExistPositive" classname="com.epam.labtest.repository.NewsDaoImplTest" time="0.012"/>
  <testcase name="testIsExistNegative" classname="com.epam.labtest.repository.NewsDaoImplTest" time="0.009"/>
  <testcase name="testUpdate" classname="com.epam.labtest.repository.NewsDaoImplTest" time="0.012"/>
</testsuite>